build/app/intermediates/manifest_merge_blame_file/release/manifest-merger-blame-release-report.txt
1<?xml version="1.0" encoding="utf-8"?>
2<manifest xmlns:android="http://schemas.android.com/apk/res/android"
3    package="com.shinde.tech.aarti.sangrah"
4    android:versionCode="1"
5    android:versionName="1.0.0" >
6
7    <uses-sdk
8        android:minSdkVersion="21"
8-->src/main/AndroidManifest.xml
9        android:targetSdkVersion="33" />
9-->src/main/AndroidManifest.xml
10    <!-- Although the *SdkVersion is captured in gradle build files, this is required for non gradle builds -->
11    <!-- <uses-sdk android:minSdkVersion="14" /> -->
12    <uses-permission android:name="android.permission.ACCESS_NETWORK_STATE" />
12-->[com.google.firebase:firebase-firestore:24.10.1] AndroidManifest.xml:10:5-79
12-->[com.google.firebase:firebase-firestore:24.10.1] AndroidManifest.xml:10:22-76
13    <uses-permission android:name="android.permission.INTERNET" />
13-->[com.google.firebase:firebase-firestore:24.10.1] AndroidManifest.xml:11:5-67
13-->[com.google.firebase:firebase-firestore:24.10.1] AndroidManifest.xml:11:22-64
14
15    <queries>
15-->[com.facebook.android:facebook-common:16.0.0] AndroidManifest.xml:17:5-19:15
16        <package android:name="com.facebook.katana" />
16-->[com.facebook.android:facebook-common:16.0.0] AndroidManifest.xml:18:9-55
16-->[com.facebook.android:facebook-common:16.0.0] AndroidManifest.xml:18:18-52
17    </queries>
18
19    <uses-permission android:name="com.google.android.gms.permission.AD_ID" />
19-->[com.facebook.android:facebook-core:16.0.0] AndroidManifest.xml:16:5-79
19-->[com.facebook.android:facebook-core:16.0.0] AndroidManifest.xml:16:22-76
20    <uses-permission android:name="com.google.android.finsky.permission.BIND_GET_INSTALL_REFERRER_SERVICE" />
20-->[com.android.installreferrer:installreferrer:1.0] AndroidManifest.xml:9:5-110
20-->[com.android.installreferrer:installreferrer:1.0] AndroidManifest.xml:9:22-107
21
22    <application
23        android:name="android.app.Application"
23-->src/main/AndroidManifest.xml:5:9-42
24        android:appComponentFactory="androidx.core.app.CoreComponentFactory"
24-->[androidx.core:core:1.6.0] AndroidManifest.xml:24:18-86
25        android:icon="@mipmap/launcher_icon"
25-->src/main/AndroidManifest.xml:6:9-45
26        android:label="Aarti Sangrah"
26-->src/main/AndroidManifest.xml:4:9-38
27        android:supportsRtl="true" >
27-->[com.facebook.android:facebook-share:16.0.0] AndroidManifest.xml:16:18-44
28        <activity
28-->src/main/AndroidManifest.xml:7:9-26:20
29            android:name="com.shinde.tech.aarti.sangrah.MainActivity"
29-->src/main/AndroidManifest.xml:8:13-41
30            android:configChanges="orientation|keyboardHidden|keyboard|screenSize|smallestScreenSize|locale|layoutDirection|fontScale|screenLayout|density|uiMode"
30-->src/main/AndroidManifest.xml:12:13-163
31            android:exported="true"
31-->src/main/AndroidManifest.xml:9:13-36
32            android:hardwareAccelerated="true"
32-->src/main/AndroidManifest.xml:13:13-47
33            android:launchMode="singleTop"
33-->src/main/AndroidManifest.xml:10:13-43
34            android:theme="@style/LaunchTheme"
34-->src/main/AndroidManifest.xml:11:13-47
35            android:windowSoftInputMode="adjustResize" >
35-->src/main/AndroidManifest.xml:14:13-55
36
37            <!--
38                 Specifies an Android theme to apply to this Activity as soon as
39                 the Android process has started. This theme is visible to the user
40                 while the Flutter UI initializes. After that, this theme continues
41                 to determine the Window background behind the Flutter UI.
42            -->
43            <meta-data
43-->src/main/AndroidManifest.xml:19:13-21:57
44                android:name="io.flutter.embedding.android.NormalTheme"
44-->src/main/AndroidManifest.xml:20:17-72
45                android:resource="@style/NormalTheme" />
45-->src/main/AndroidManifest.xml:21:17-54
46
47            <intent-filter>
47-->src/main/AndroidManifest.xml:22:13-25:29
48                <action android:name="android.intent.action.MAIN" />
48-->src/main/AndroidManifest.xml:23:17-69
48-->src/main/AndroidManifest.xml:23:25-66
49
50                <category android:name="android.intent.category.LAUNCHER" />
50-->src/main/AndroidManifest.xml:24:17-77
50-->src/main/AndroidManifest.xml:24:27-74
51            </intent-filter>
52        </activity>
53        <!--
54             Don't delete the meta-data below.
55             This is used by the Flutter tool to generate GeneratedPluginRegistrant.java
56        -->
57        <meta-data
57-->src/main/AndroidManifest.xml:29:9-31:33
58            android:name="flutterEmbedding"
58-->src/main/AndroidManifest.xml:30:13-44
59            android:value="2" />
59-->src/main/AndroidManifest.xml:31:13-30
60
61        <service
61-->[:cloud_firestore] AndroidManifest.xml:8:9-12:19
62            android:name="com.google.firebase.components.ComponentDiscoveryService"
62-->[:cloud_firestore] AndroidManifest.xml:8:18-89
63            android:directBootAware="true"
63-->[com.google.firebase:firebase-common:20.4.2] AndroidManifest.xml:32:13-43
64            android:exported="false" >
64-->[com.google.firebase:firebase-firestore:24.10.1] AndroidManifest.xml:16:13-37
65            <meta-data
65-->[:cloud_firestore] AndroidManifest.xml:9:13-11:85
66                android:name="com.google.firebase.components:io.flutter.plugins.firebase.firestore.FlutterFirebaseFirestoreRegistrar"
66-->[:cloud_firestore] AndroidManifest.xml:10:17-134
67                android:value="com.google.firebase.components.ComponentRegistrar" />
67-->[:cloud_firestore] AndroidManifest.xml:11:17-82
68            <meta-data
68-->[:firebase_core] AndroidManifest.xml:9:13-11:85
69                android:name="com.google.firebase.components:io.flutter.plugins.firebase.core.FlutterFirebaseCoreRegistrar"
69-->[:firebase_core] AndroidManifest.xml:10:17-124
70                android:value="com.google.firebase.components.ComponentRegistrar" />
70-->[:firebase_core] AndroidManifest.xml:11:17-82
71            <meta-data
71-->[com.google.firebase:firebase-firestore:24.10.1] AndroidManifest.xml:17:13-19:85
72                android:name="com.google.firebase.components:com.google.firebase.firestore.FirebaseFirestoreKtxRegistrar"
72-->[com.google.firebase:firebase-firestore:24.10.1] AndroidManifest.xml:18:17-122
73                android:value="com.google.firebase.components.ComponentRegistrar" />
73-->[com.google.firebase:firebase-firestore:24.10.1] AndroidManifest.xml:19:17-82
74            <meta-data
74-->[com.google.firebase:firebase-firestore:24.10.1] AndroidManifest.xml:20:13-22:85
75                android:name="com.google.firebase.components:com.google.firebase.firestore.FirestoreRegistrar"
75-->[com.google.firebase:firebase-firestore:24.10.1] AndroidManifest.xml:21:17-111
76                android:value="com.google.firebase.components.ComponentRegistrar" />
76-->[com.google.firebase:firebase-firestore:24.10.1] AndroidManifest.xml:22:17-82
77            <meta-data
77-->[com.google.firebase:firebase-common-ktx:20.4.2] AndroidManifest.xml:12:13-14:85
78                android:name="com.google.firebase.components:com.google.firebase.ktx.FirebaseCommonLegacyRegistrar"
78-->[com.google.firebase:firebase-common-ktx:20.4.2] AndroidManifest.xml:13:17-116
79                android:value="com.google.firebase.components.ComponentRegistrar" />
79-->[com.google.firebase:firebase-common-ktx:20.4.2] AndroidManifest.xml:14:17-82
80            <meta-data
80-->[com.google.firebase:firebase-common:20.4.2] AndroidManifest.xml:35:13-37:85
81                android:name="com.google.firebase.components:com.google.firebase.FirebaseCommonKtxRegistrar"
81-->[com.google.firebase:firebase-common:20.4.2] AndroidManifest.xml:36:17-109
82                android:value="com.google.firebase.components.ComponentRegistrar" />
82-->[com.google.firebase:firebase-common:20.4.2] AndroidManifest.xml:37:17-82
83        </service>
84
85        <provider
85-->[com.google.firebase:firebase-common:20.4.2] AndroidManifest.xml:23:9-28:39
86            android:name="com.google.firebase.provider.FirebaseInitProvider"
86-->[com.google.firebase:firebase-common:20.4.2] AndroidManifest.xml:24:13-77
87            android:authorities="com.shinde.tech.aarti.sangrah.firebaseinitprovider"
87-->[com.google.firebase:firebase-common:20.4.2] AndroidManifest.xml:25:13-72
88            android:directBootAware="true"
88-->[com.google.firebase:firebase-common:20.4.2] AndroidManifest.xml:26:13-43
89            android:exported="false"
89-->[com.google.firebase:firebase-common:20.4.2] AndroidManifest.xml:27:13-37
90            android:initOrder="100" />
90-->[com.google.firebase:firebase-common:20.4.2] AndroidManifest.xml:28:13-36
91
92        <uses-library
92-->[androidx.window:window:1.0.0-beta04] AndroidManifest.xml:25:9-27:40
93            android:name="androidx.window.extensions"
93-->[androidx.window:window:1.0.0-beta04] AndroidManifest.xml:26:13-54
94            android:required="false" />
94-->[androidx.window:window:1.0.0-beta04] AndroidManifest.xml:27:13-37
95        <uses-library
95-->[androidx.window:window:1.0.0-beta04] AndroidManifest.xml:28:9-30:40
96            android:name="androidx.window.sidecar"
96-->[androidx.window:window:1.0.0-beta04] AndroidManifest.xml:29:13-51
97            android:required="false" />
97-->[androidx.window:window:1.0.0-beta04] AndroidManifest.xml:30:13-37
98
99        <activity
99-->[com.facebook.android:facebook-common:16.0.0] AndroidManifest.xml:22:9-25:66
100            android:name="com.facebook.FacebookActivity"
100-->[com.facebook.android:facebook-common:16.0.0] AndroidManifest.xml:23:13-57
101            android:configChanges="keyboard|keyboardHidden|screenLayout|screenSize|orientation"
101-->[com.facebook.android:facebook-common:16.0.0] AndroidManifest.xml:24:13-96
102            android:theme="@style/com_facebook_activity_theme" />
102-->[com.facebook.android:facebook-common:16.0.0] AndroidManifest.xml:25:13-63
103        <activity android:name="com.facebook.CustomTabMainActivity" />
103-->[com.facebook.android:facebook-common:16.0.0] AndroidManifest.xml:26:9-71
103-->[com.facebook.android:facebook-common:16.0.0] AndroidManifest.xml:26:19-68
104        <activity
104-->[com.facebook.android:facebook-common:16.0.0] AndroidManifest.xml:27:9-41:20
105            android:name="com.facebook.CustomTabActivity"
105-->[com.facebook.android:facebook-common:16.0.0] AndroidManifest.xml:28:13-58
106            android:exported="true" >
106-->[com.facebook.android:facebook-common:16.0.0] AndroidManifest.xml:29:13-36
107            <intent-filter>
107-->[com.facebook.android:facebook-common:16.0.0] AndroidManifest.xml:31:13-40:29
108                <action android:name="android.intent.action.VIEW" />
108-->[com.facebook.android:facebook-common:16.0.0] AndroidManifest.xml:32:17-69
108-->[com.facebook.android:facebook-common:16.0.0] AndroidManifest.xml:32:25-66
109
110                <category android:name="android.intent.category.DEFAULT" />
110-->[com.facebook.android:facebook-common:16.0.0] AndroidManifest.xml:34:17-76
110-->[com.facebook.android:facebook-common:16.0.0] AndroidManifest.xml:34:27-73
111                <category android:name="android.intent.category.BROWSABLE" />
111-->[com.facebook.android:facebook-common:16.0.0] AndroidManifest.xml:35:17-78
111-->[com.facebook.android:facebook-common:16.0.0] AndroidManifest.xml:35:27-75
112
113                <data
113-->[com.facebook.android:facebook-common:16.0.0] AndroidManifest.xml:37:17-39:50
114                    android:host="cct.com.shinde.tech.aarti.sangrah"
114-->[com.facebook.android:facebook-common:16.0.0] AndroidManifest.xml:38:21-56
115                    android:scheme="fbconnect" />
115-->[com.facebook.android:facebook-common:16.0.0] AndroidManifest.xml:39:21-47
116            </intent-filter>
117        </activity>
118        <!--
119         The initialization ContentProvider will call FacebookSdk.sdkInitialize automatically
120         with the application context. This config is merged in with the host app's manifest,
121         but there can only be one provider with the same authority activated at any given
122         point; so if the end user has two or more different apps that use Facebook SDK, only the
123         first one will be able to use the provider. To work around this problem, we use the
124         following placeholder in the authority to identify each host application as if it was
125         a completely different provider.
126        -->
127        <provider
127-->[com.facebook.android:facebook-core:16.0.0] AndroidManifest.xml:29:9-32:40
128            android:name="com.facebook.internal.FacebookInitProvider"
128-->[com.facebook.android:facebook-core:16.0.0] AndroidManifest.xml:30:13-70
129            android:authorities="com.shinde.tech.aarti.sangrah.FacebookInitProvider"
129-->[com.facebook.android:facebook-core:16.0.0] AndroidManifest.xml:31:13-72
130            android:exported="false" />
130-->[com.facebook.android:facebook-core:16.0.0] AndroidManifest.xml:32:13-37
131
132        <receiver
132-->[com.facebook.android:facebook-core:16.0.0] AndroidManifest.xml:34:9-40:20
133            android:name="com.facebook.CurrentAccessTokenExpirationBroadcastReceiver"
133-->[com.facebook.android:facebook-core:16.0.0] AndroidManifest.xml:35:13-86
134            android:exported="false" >
134-->[com.facebook.android:facebook-core:16.0.0] AndroidManifest.xml:36:13-37
135            <intent-filter>
135-->[com.facebook.android:facebook-core:16.0.0] AndroidManifest.xml:37:13-39:29
136                <action android:name="com.facebook.sdk.ACTION_CURRENT_ACCESS_TOKEN_CHANGED" />
136-->[com.facebook.android:facebook-core:16.0.0] AndroidManifest.xml:38:17-95
136-->[com.facebook.android:facebook-core:16.0.0] AndroidManifest.xml:38:25-92
137            </intent-filter>
138        </receiver>
139        <receiver
139-->[com.facebook.android:facebook-core:16.0.0] AndroidManifest.xml:41:9-47:20
140            android:name="com.facebook.AuthenticationTokenManager$CurrentAuthenticationTokenChangedBroadcastReceiver"
140-->[com.facebook.android:facebook-core:16.0.0] AndroidManifest.xml:42:13-118
141            android:exported="false" >
141-->[com.facebook.android:facebook-core:16.0.0] AndroidManifest.xml:43:13-37
142            <intent-filter>
142-->[com.facebook.android:facebook-core:16.0.0] AndroidManifest.xml:44:13-46:29
143                <action android:name="com.facebook.sdk.ACTION_CURRENT_AUTHENTICATION_TOKEN_CHANGED" />
143-->[com.facebook.android:facebook-core:16.0.0] AndroidManifest.xml:45:17-103
143-->[com.facebook.android:facebook-core:16.0.0] AndroidManifest.xml:45:25-100
144            </intent-filter>
145        </receiver>
146
147        <activity
147-->[com.google.android.gms:play-services-base:18.0.1] AndroidManifest.xml:20:9-22:45
148            android:name="com.google.android.gms.common.api.GoogleApiActivity"
148-->[com.google.android.gms:play-services-base:18.0.1] AndroidManifest.xml:20:19-85
149            android:exported="false"
149-->[com.google.android.gms:play-services-base:18.0.1] AndroidManifest.xml:22:19-43
150            android:theme="@android:style/Theme.Translucent.NoTitleBar" />
150-->[com.google.android.gms:play-services-base:18.0.1] AndroidManifest.xml:21:19-78
151
152        <meta-data
152-->[com.google.android.gms:play-services-basement:18.1.0] AndroidManifest.xml:21:9-23:69
153            android:name="com.google.android.gms.version"
153-->[com.google.android.gms:play-services-basement:18.1.0] AndroidManifest.xml:22:13-58
154            android:value="@integer/google_play_services_version" />
154-->[com.google.android.gms:play-services-basement:18.1.0] AndroidManifest.xml:23:13-66
155    </application>
156
157</manifest>